"drag-rfile"
"Time Step" "drag etc.."
("Time Step" "drag" "flow-time")
0 0 0
1 28.80142 1
2 1.809425 2
3 1.479701 3
4 1.358599 4
5 1.300293 5
6 1.274144 6
7 1.264694 7
8 1.261573 8
9 1.26716 9
10 1.27144 10
11 1.275146 11
12 1.283364 12
13 1.283258 13
14 1.289277 14
15 1.293333 15
16 1.288299 16
17 1.290184 17
18 1.291218 18
19 1.284185 19
20 1.280052 20
21 1.276294 21
22 1.278872 22
23 1.274743 23
24 1.273985 24
25 1.270067 25
26 1.262882 26
27 1.260163 27
28 1.257636 28
29 1.255268 29
30 1.251907 30
31 1.249517 31
32 1.244588 32
33 1.242124 33
34 1.239351 34
35 1.234836 35
36 1.229849 36
37 1.225917 37
38 1.224405 38
39 1.221988 39
40 1.219134 40
41 1.216139 41
42 1.214075 42
43 1.211836 43
44 1.210086 44
45 1.207976 45
46 1.206335 46
47 1.204202 47
48 1.202167 48
49 1.200014 49
50 1.198383 50
51 1.196537 51
52 1.194991 52
53 1.193107 53
54 1.191576 54
55 1.189627 55
56 1.18812 56
57 1.186212 57
58 1.184575 58
59 1.183191 59
60 1.181288 60
61 1.179663 61
62 1.178363 62
63 1.176531 63
64 1.174961 64
65 1.173509 65
66 1.172067 66
67 1.170611 67
68 1.169149 68
69 1.167693 69
70 1.166252 70
71 1.164836 71
72 1.163442 72
73 1.16205 73
74 1.160696 74
75 1.159552 75
76 1.158189 76
77 1.156808 77
78 1.155457 78
79 1.153957 79
80 1.152722 80
81 1.151564 81
82 1.150408 82
83 1.149263 83
84 1.148124 84
85 1.146991 85
86 1.145781 86
87 1.144684 87
88 1.14362 88
89 1.142546 89
90 1.141485 90
91 1.140459 91
92 1.139471 92
93 1.138512 93
94 1.13758 94
95 1.136669 95
96 1.135776 96
97 1.134898 97
98 1.134026 98
99 1.133167 99
100 1.132318 100
101 1.131482 101
102 1.130657 102
103 1.129843 103
104 1.129039 104
105 1.128246 105
106 1.127473 106
107 1.126716 107
108 1.12596 108
109 1.12521 109
110 1.124469 110
111 1.123741 111
112 1.123028 112
113 1.122325 113
114 1.12164 114
115 1.12097 115
116 1.120311 116
117 1.119661 117
118 1.119018 118
119 1.11838 119
120 1.117748 120
121 1.117119 121
122 1.116497 122
123 1.115877 123
124 1.115261 124
125 1.114648 125
126 1.11404 126
127 1.113435 127
128 1.112835 128
129 1.11227 129
130 1.111639 130
131 1.111036 131
132 1.110445 132
133 1.109861 133
134 1.109282 134
135 1.108706 135
136 1.108133 136
137 1.107561 137
138 1.10699 138
139 1.106421 139
140 1.105849 140
141 1.105275 141
142 1.104702 142
143 1.104128 143
144 1.103557 144
145 1.102986 145
146 1.102418 146
147 1.101853 147
148 1.101291 148
149 1.100731 149
150 1.100174 150
151 1.099597 151
152 1.099054 152
153 1.098525 153
154 1.097979 154
155 1.097486 155
156 1.096947 156
157 1.0964 157
158 1.095858 158
159 1.095324 159
160 1.094799 160
161 1.09428 161
162 1.093769 162
163 1.093266 163
164 1.092774 164
165 1.092292 165
166 1.091816 166
167 1.091347 167
168 1.090884 168
169 1.090426 169
170 1.089975 170
171 1.08953 171
172 1.089089 172
173 1.088654 173
174 1.088225 174
175 1.087803 175
176 1.087386 176
177 1.086978 177
178 1.086574 178
179 1.086178 179
180 1.085788 180
181 1.085404 181
182 1.085028 182
183 1.084659 183
184 1.084296 184
185 1.083939 185
186 1.083588 186
187 1.08324 187
188 1.082874 188
189 1.082598 189
190 1.082278 190
191 1.081953 191
192 1.081633 192
193 1.081321 193
194 1.081016 194
195 1.080713 195
196 1.080411 196
197 1.080111 197
198 1.079814 198
199 1.079523 199
200 1.079238 200
201 1.078957 201
202 1.078683 202
203 1.078417 203
204 1.078147 204
205 1.077898 205
206 1.077578 206
207 1.077357 207
208 1.07714 208
209 1.076863 209
210 1.07665 210
211 1.076434 211
212 1.076158 212
213 1.075948 213
214 1.075738 214
215 1.075471 215
216 1.075267 216
217 1.075061 217
218 1.074801 218
219 1.074603 219
220 1.074401 220
221 1.074151 221
222 1.073961 222
223 1.073766 223
224 1.073525 224
225 1.073342 225
226 1.073153 226
227 1.072921 227
228 1.072736 228
229 1.072606 229
230 1.07245 230
231 1.072163 231
232 1.07201 232
233 1.071741 233
234 1.071572 234
235 1.071443 235
236 1.071206 236
237 1.071045 237
238 1.070922 238
239 1.070699 239
240 1.070546 240
241 1.070426 241
242 1.070212 242
243 1.07009 243
244 1.069889 244
245 1.069771 245
246 1.069569 246
247 1.069449 247
248 1.069244 248
249 1.069124 249
250 1.06892 250
251 1.068803 251
252 1.068608 252
253 1.068494 253
254 1.068307 254
255 1.068186 255
256 1.067999 256
257 1.067892 257
258 1.067716 258
259 1.067611 259
260 1.067439 260
261 1.067337 261
262 1.067168 262
263 1.067066 263
264 1.066897 264
265 1.066796 265
266 1.06663 266
267 1.066529 267
268 1.066364 268
269 1.066265 269
270 1.066103 270
271 1.066005 271
272 1.065846 272
273 1.06575 273
274 1.065594 274
275 1.065498 275
276 1.065346 276
277 1.06525 277
278 1.0651 278
279 1.065005 279
280 1.064858 280
281 1.064765 281
282 1.064631 282
283 1.064538 283
284 1.064394 284
285 1.064302 285
286 1.064164 286
287 1.06405 287
288 1.063917 288
289 1.063825 289
290 1.063708 290
291 1.063614 291
292 1.063491 292
293 1.063397 293
294 1.063274 294
295 1.06318 295
296 1.063061 296
297 1.062968 297
298 1.062852 298
299 1.06276 299
300 1.062647 300
301 1.062556 301
302 1.062444 302
303 1.062354 303
304 1.062246 304
305 1.062159 305
306 1.062037 306
307 1.061946 307
308 1.061863 308
309 1.061756 309
310 1.061676 310
311 1.061592 311
312 1.061484 312
313 1.061396 313
314 1.061312 314
315 1.061205 315
316 1.061118 316
317 1.061036 317
318 1.060933 318
319 1.060853 319
320 1.060772 320
321 1.060671 321
322 1.060593 322
323 1.060513 323
324 1.060416 324
325 1.060341 325
326 1.060264 326
327 1.06017 327
328 1.060099 328
329 1.060022 329
330 1.05993 330
331 1.059861 331
332 1.059785 332
333 1.059695 333
334 1.059626 334
335 1.059552 335
336 1.059464 336
337 1.059398 337
338 1.059325 338
339 1.05924 339
340 1.059157 340
341 1.059105 341
342 1.059036 342
343 1.058956 343
344 1.058875 344
345 1.0588 345
346 1.058755 346
347 1.05869 347
348 1.058613 348
349 1.058535 349
350 1.058462 350
351 1.058394 351
352 1.058331 352
353 1.05827 353
354 1.058211 354
355 1.058152 355
356 1.058093 356
357 1.058033 357
358 1.057972 358
359 1.057912 359
360 1.057859 360
361 1.057824 361
362 1.057765 362
363 1.057694 363
364 1.057599 364
365 1.057571 365
366 1.057526 366
367 1.057444 367
368 1.057418 368
369 1.057373 369
370 1.057287 370
371 1.057263 371
372 1.057215 372
373 1.057126 373
374 1.057105 374
375 1.057066 375
376 1.056978 376
377 1.056961 377
378 1.056891 378
379 1.056874 379
380 1.056795 380
381 1.056778 381
382 1.056697 382
383 1.056682 383
384 1.0566 384
385 1.056586 385
386 1.056502 386
387 1.05649 387
388 1.056406 388
389 1.056395 389
390 1.056312 390
391 1.056301 391
392 1.056221 392
393 1.056211 393
394 1.056128 394
395 1.056117 395
396 1.056033 396
397 1.056022 397
398 1.055938 398
399 1.055929 399
400 1.055848 400
401 1.055838 401
402 1.055759 402
403 1.055748 403
404 1.055672 404
405 1.055658 405
406 1.055617 406
407 1.055521 407
408 1.055508 408
409 1.055471 409
410 1.055391 410
411 1.055375 411
412 1.055337 412
413 1.055265 413
414 1.055245 414
415 1.055204 415
416 1.055139 416
417 1.055116 417
418 1.055077 418
419 1.055023 419
420 1.054996 420
421 1.054954 421
422 1.054923 422
423 1.054877 423
424 1.054845 424
425 1.054798 425
426 1.054761 426
427 1.054716 427
428 1.054677 428
429 1.054637 429
430 1.054609 430
431 1.054564 431
432 1.054522 432
433 1.05449 433
434 1.054454 434
435 1.054415 435
436 1.054374 436
437 1.054334 437
438 1.054295 438
439 1.054257 439
440 1.054219 440
441 1.054182 441
442 1.054145 442
443 1.054111 443
444 1.054077 444
445 1.054043 445
446 1.054011 446
447 1.053979 447
448 1.053947 448
449 1.053916 449
450 1.053887 450
451 1.053871 451
452 1.053844 452
453 1.053812 453
454 1.053779 454
455 1.053748 455
456 1.053692 456
457 1.053685 457
458 1.05364 458
459 1.053646 459
460 1.053601 460
461 1.053605 461
462 1.053563 462
463 1.053561 463
464 1.05352 464
465 1.053513 465
466 1.053476 466
467 1.053466 467
468 1.053435 468
469 1.053427 469
470 1.053399 470
471 1.053387 471
472 1.053371 472
473 1.053348 473
474 1.053332 474
475 1.053308 475
476 1.053295 476
477 1.05328 477
478 1.053279 478
479 1.053266 479
480 1.053268 480
481 1.053254 481
482 1.053258 482
483 1.053242 483
484 1.053237 484
485 1.053235 485
486 1.053241 486
487 1.053243 487
488 1.053237 488
489 1.053227 489
490 1.053197 490
491 1.053192 491
492 1.053196 492
493 1.0532 493
494 1.053204 494
495 1.053204 495
496 1.053202 496
497 1.053199 497
498 1.053197 498
499 1.053199 499
500 1.053202 500
501 1.053207 501
502 1.053213 502
503 1.053217 503
504 1.053222 504
505 1.053228 505
506 1.053232 506
507 1.053237 507
508 1.053243 508
509 1.053249 509
510 1.053255 510
511 1.05326 511
512 1.053263 512
513 1.053265 513
514 1.053266 514
515 1.053266 515
516 1.053266 516
517 1.053294 517
518 1.053296 518
519 1.05329 519
520 1.053283 520
521 1.053276 521
522 1.053269 522
523 1.053261 523
524 1.053254 524
525 1.053244 525
526 1.053234 526
527 1.053224 527
528 1.053216 528
529 1.053209 529
530 1.053203 530
531 1.053198 531
532 1.053196 532
533 1.053196 533
534 1.053195 534
535 1.053193 535
536 1.053186 536
537 1.053176 537
538 1.053164 538
539 1.053156 539
540 1.053146 540
541 1.053138 541
542 1.053132 542
543 1.053128 543
544 1.053135 544
545 1.05314 545
546 1.053145 546
547 1.053147 547
548 1.053146 548
549 1.053141 549
550 1.053138 550
551 1.053137 551
552 1.053137 552
553 1.053137 553
554 1.053157 554
555 1.05317 555
556 1.053178 556
557 1.053184 557
558 1.053193 558
559 1.053205 559
560 1.053234 560
561 1.05325 561
562 1.053261 562
563 1.053274 563
564 1.053292 564
565 1.053313 565
566 1.053336 566
567 1.053356 567
568 1.053377 568
569 1.053406 569
570 1.053443 570
571 1.053486 571
572 1.05353 572
573 1.053567 573
574 1.053598 574
575 1.053625 575
576 1.05365 576
577 1.053668 577
578 1.053685 578
579 1.053703 579
580 1.053721 580
581 1.053743 581
582 1.053767 582
583 1.053789 583
584 1.053811 584
585 1.053771 585
586 1.053806 586
587 1.053867 587
588 1.053929 588
589 1.053987 589
590 1.054163 590
591 1.054211 591
592 1.054207 592
593 1.054196 593
594 1.054201 594
595 1.054228 595
596 1.054282 596
597 1.054346 597
598 1.054285 598
599 1.054369 599
600 1.054505 600
601 1.054633 601
602 1.054734 602
603 1.054818 603
604 1.054899 604
605 1.05497 605
606 1.05504 606
607 1.055119 607
608 1.055209 608
609 1.055317 609
610 1.055422 610
611 1.055537 611
612 1.055648 612
613 1.055753 613
614 1.05585 614
615 1.05594 615
616 1.056011 616
617 1.056092 617
618 1.0562 618
619 1.056301 619
620 1.05638 620
621 1.056472 621
622 1.056566 622
623 1.056666 623
624 1.056774 624
625 1.056879 625
626 1.056973 626
627 1.057063 627
628 1.057136 628
629 1.057229 629
630 1.057331 630
631 1.057446 631
632 1.057548 632
633 1.057677 633
634 1.057818 634
635 1.05805 635
636 1.058212 636
637 1.058381 637
638 1.058484 638
639 1.058559 639
640 1.058628 640
641 1.058705 641
642 1.058954 642
643 1.059045 643
644 1.059085 644
645 1.058987 645
646 1.059061 646
647 1.059206 647
648 1.059358 648
649 1.059445 649
650 1.059488 650
651 1.059661 651
652 1.059693 652
653 1.059838 653
654 1.059983 654
655 1.060146 655
656 1.060297 656
657 1.060435 657
658 1.060558 658
659 1.060617 659
660 1.060704 660
661 1.060803 661
662 1.060902 662
663 1.061053 663
664 1.061132 664
665 1.061197 665
666 1.061274 666
667 1.06137 667
668 1.061486 668
669 1.061616 669
670 1.061755 670
671 1.061905 671
672 1.062069 672
673 1.062225 673
674 1.062377 674
675 1.062499 675
676 1.062645 676
677 1.062806 677
678 1.06297 678
679 1.063159 679
680 1.06337 680
681 1.063675 681
682 1.063922 682
683 1.064143 683
684 1.064349 684
685 1.064561 685
686 1.064829 686
687 1.06506 687
688 1.065266 688
689 1.065519 689
690 1.065674 690
691 1.065904 691
692 1.066178 692
693 1.06672 693
694 1.066914 694
695 1.067189 695
696 1.067313 696
697 1.067449 697
698 1.067861 698
699 1.068097 699
700 1.068537 700
701 1.068645 701
702 1.068786 702
703 1.068894 703
704 1.069183 704
705 1.069346 705
706 1.069371 706
707 1.06945 707
708 1.069845 708
709 1.070572 709
710 1.070744 710
711 1.071177 711
712 1.071684 712
713 1.071773 713
714 1.071975 714
715 1.072207 715
716 1.072399 716
717 1.072996 717
718 1.073246 718
719 1.073903 719
720 1.074123 720
721 1.074599 721
722 1.075094 722
723 1.075725 723
724 1.076007 724
725 1.076504 725
726 1.076798 726
727 1.077344 727
728 1.077627 728
729 1.078213 729
730 1.078532 730
731 1.079194 731
732 1.079513 732
733 1.080175 733
734 1.080547 734
735 1.0812 735
736 1.081447 736
737 1.081958 737
738 1.082457 738
739 1.0829 739
740 1.084053 740
741 1.084136 741
742 1.084363 742
743 1.084993 743
744 1.085188 744
745 1.086059 745
746 1.08616 746
747 1.086532 747
748 1.086728 748
749 1.087266 749
750 1.087432 750
751 1.087538 751
752 1.087714 752
753 1.088584 753
754 1.088763 754
755 1.08941 755
756 1.08946 756
757 1.089869 757
758 1.090049 758
759 1.090747 759
760 1.090932 760
761 1.091558 761
762 1.091757 762
763 1.092625 763
764 1.09272 764
765 1.093623 765
766 1.09372 766
767 1.094741 767
768 1.094876 768
769 1.095751 769
770 1.095891 770
771 1.096926 771
772 1.097528 772
773 1.09818 773
774 1.099156 774
775 1.099166 775
776 1.100385 776
777 1.100972 777
778 1.101798 778
779 1.102224 779
780 1.102959 780
781 1.103396 781
782 1.104064 782
783 1.104386 783
784 1.104832 784
785 1.104998 785
786 1.105359 786
787 1.105625 787
788 1.106092 788
789 1.106138 789
790 1.106195 790
791 1.106423 791
792 1.10675 792
793 1.107241 793
794 1.107664 794
795 1.107871 795
796 1.108658 796
797 1.109203 797
798 1.109947 798
799 1.110389 799
800 1.111165 800
801 1.111843 801
802 1.112693 802
803 1.113277 803
804 1.11394 804
805 1.114428 805
806 1.115501 806
807 1.116132 807
808 1.116921 808
809 1.117678 809
810 1.118162 810
811 1.119121 811
812 1.119309 812
813 1.119682 813
814 1.120369 814
815 1.120738 815
816 1.120983 816
817 1.121017 817
818 1.121476 818
819 1.121847 819
820 1.121209 820
821 1.12148 821
822 1.121828 822
823 1.121392 823
824 1.12171 824
825 1.121541 825
826 1.121846 826
827 1.122041 827
828 1.122237 828
829 1.122701 829
830 1.122895 830
831 1.123336 831
832 1.123298 832
833 1.124319 833
834 1.124976 834
835 1.125776 835
836 1.126287 836
837 1.126932 837
838 1.127816 838
839 1.128457 839
840 1.128821 840
841 1.129562 841
842 1.130131 842
843 1.13074 843
844 1.131297 844
845 1.131685 845
846 1.131784 846
847 1.132191 847
848 1.132371 848
849 1.132247 849
850 1.132341 850
851 1.132062 851
852 1.131883 852
853 1.131684 853
854 1.131645 854
855 1.13152 855
856 1.131212 856
857 1.130919 857
858 1.131176 858
859 1.131096 859
860 1.131117 860
861 1.131324 861
862 1.131838 862
863 1.132271 863
864 1.132458 864
865 1.133204 865
866 1.133681 866
867 1.134395 867
868 1.135104 868
869 1.135384 869
870 1.136131 870
871 1.13708 871
872 1.137636 872
873 1.138277 873
874 1.138795 874
875 1.139184 875
876 1.139917 876
877 1.13992 877
878 1.1401 878
879 1.140463 879
880 1.140653 880
881 1.140352 881
882 1.140011 882
883 1.140188 883
884 1.139785 884
885 1.139381 885
886 1.139018 886
887 1.138938 887
888 1.138289 888
889 1.138112 889
890 1.137938 890
891 1.137732 891
892 1.137836 892
893 1.137884 893
894 1.137935 894
895 1.138268 895
896 1.138399 896
897 1.138945 897
898 1.139036 898
899 1.139941 899
900 1.140511 900
901 1.141302 901
902 1.141914 902
903 1.143005 903
904 1.143342 904
905 1.143622 905
906 1.144321 906
907 1.144945 907
908 1.145341 908
909 1.145625 909
910 1.145818 910
911 1.145624 911
912 1.145825 912
913 1.145719 913
914 1.14547 914
915 1.145165 915
916 1.144534 916
917 1.144129 917
918 1.14364 918
919 1.143436 919
920 1.142972 920
921 1.142251 921
922 1.142389 922
923 1.142118 923
924 1.141828 924
925 1.142033 925
926 1.14197 926
927 1.142557 927
928 1.142715 928
929 1.143541 929
930 1.143892 930
931 1.144955 931
932 1.145186 932
933 1.145387 933
934 1.146052 934
935 1.147111 935
936 1.147762 936
937 1.148647 937
938 1.148958 938
939 1.149482 939
940 1.149777 940
941 1.150306 941
942 1.150214 942
943 1.150362 943
944 1.150445 944
945 1.150297 945
946 1.149689 946
947 1.14956 947
948 1.149129 948
949 1.148606 949
950 1.147975 950
951 1.147586 951
952 1.147161 952
953 1.146508 953
954 1.146088 954
955 1.146076 955
956 1.145627 956
957 1.145627 957
958 1.145746 958
959 1.146041 959
960 1.145984 960
961 1.146472 961
962 1.146971 962
963 1.147156 963
964 1.147979 964
965 1.148658 965
966 1.149678 966
967 1.150151 967
968 1.151062 968
969 1.151219 969
970 1.151907 970
971 1.152634 971
972 1.152749 972
973 1.153083 973
974 1.153449 974
975 1.153081 975
976 1.153194 976
977 1.152788 977
978 1.152594 978
979 1.152402 979
980 1.151662 980
981 1.151079 981
982 1.150434 982
983 1.149981 983
984 1.149421 984
985 1.148689 985
986 1.148533 986
987 1.148021 987
988 1.147764 988
989 1.147888 989
990 1.147893 990
991 1.148024 991
992 1.148226 992
993 1.149132 993
994 1.149483 994
995 1.150325 995
996 1.150768 996
997 1.15132 997
998 1.151503 998
999 1.152348 999
1000 1.153532 1000
