"lift-rfile"
"Time Step" "lift etc.."
("Time Step" "lift" "flow-time")
0 0 0
1 -0.00304735 1
2 2.500487e-05 2
3 0.0004042688 3
4 7.94885e-05 4
5 -0.0001447597 5
6 -0.0004299588 6
7 -0.0004761611 7
8 -0.0003411271 8
9 -0.0003187345 9
10 -0.0004099304 10
11 -0.0004317235 11
12 -0.0005086462 12
13 -0.0001139547 13
14 -0.0003531742 14
15 -0.0003576214 15
16 -0.0009911007 16
17 -0.0007502014 17
18 -0.0006055231 18
19 -0.0002842026 19
20 -0.0009360871 20
21 -0.0004766752 21
22 -0.0007950338 22
23 -0.000386178 23
24 -0.0007936396 24
25 -0.0004144463 25
26 -0.0005690527 26
27 -0.0009118398 27
28 -0.0006999113 28
29 -0.001063765 29
30 -0.0009330867 30
31 -0.001125113 31
32 -0.001441252 32
33 -0.0006246582 33
34 -0.001118825 34
35 -0.0016392 35
36 -0.002012288 36
37 -0.001398685 37
38 -0.00166802 38
39 -0.002180115 39
40 -0.002401921 40
41 -0.001652372 41
42 -0.001993259 42
43 -0.001550281 43
44 -0.001913301 44
45 -0.001478672 45
46 -0.001751942 46
47 -0.001391975 47
48 -0.00144365 48
49 -0.001108113 49
50 -0.001252459 50
51 -0.0009584651 51
52 -0.001073519 52
53 -0.0007415304 53
54 -0.0008290996 54
55 -0.0004793579 55
56 -0.0005451246 56
57 -0.0002107556 57
58 6.836858e-06 58
59 -9.403155e-05 59
60 0.0001281975 60
61 0.0002721615 61
62 0.0001616129 62
63 0.0003481232 63
64 0.0004871297 64
65 0.0005311175 65
66 0.0005418221 66
67 0.0005429989 67
68 0.0005291541 68
69 0.0005142125 69
70 0.0004994105 70
71 0.0004733408 71
72 0.0004345453 72
73 0.0003881733 73
74 0.0003285118 74
75 0.0002792318 75
76 0.0002198054 76
77 0.0001505241 77
78 7.590878e-05 78
79 0.0002381638 79
80 0.0001501104 80
81 -1.046027e-06 81
82 -0.0001372856 82
83 -0.0002316958 83
84 -0.0002982829 84
85 -0.0003497332 85
86 -0.0004442885 86
87 -0.00046852 87
88 -0.0004771354 88
89 -0.0004064795 89
90 -0.0004243412 90
91 -0.0004323341 91
92 -0.0004269625 92
93 -0.0004115275 93
94 -0.000387829 94
95 -0.000357424 95
96 -0.0003169502 96
97 -0.0002759456 97
98 -0.0002253036 98
99 -0.0001662205 99
100 -0.0001014417 100
101 -3.439935e-05 101
102 3.592795e-05 102
103 0.0001076746 103
104 0.0001817386 104
105 0.000257987 105
106 0.0003367556 106
107 0.00041254 107
108 0.0004911437 108
109 0.0005704836 109
110 0.0006501055 110
111 0.0007269749 111
112 0.0008022216 112
113 0.0008733395 113
114 0.0009434815 114
115 0.001009467 115
116 0.001069975 116
117 0.001124796 117
118 0.001173837 118
119 0.001218677 119
120 0.001256929 120
121 0.001288844 121
122 0.001316451 122
123 0.001338244 123
124 0.001354905 124
125 0.001367438 125
126 0.001375761 126
127 0.001379598 127
128 0.001377662 128
129 0.001379943 129
130 0.001358901 130
131 0.001343236 131
132 0.001325223 132
133 0.001302426 133
134 0.001275096 134
135 0.001241839 135
136 0.001204184 136
137 0.001164489 137
138 0.001121056 138
139 0.00107713 139
140 0.00102998 140
141 0.0009807849 141
142 0.0009294866 142
143 0.0008745376 143
144 0.0008225488 144
145 0.0007699325 145
146 0.0007179349 146
147 0.0006652479 147
148 0.0006109805 148
149 0.000555641 149
150 0.0004984632 150
151 0.0004752253 151
152 0.0004166064 152
153 0.0003470334 153
154 0.0002782621 154
155 0.0002173604 155
156 0.0001542441 156
157 9.378775e-05 157
158 3.638302e-05 158
159 -1.955264e-05 159
160 -7.436292e-05 160
161 -0.0001276457 161
162 -0.0001794666 162
163 -0.0002310345 163
164 -0.0002823177 164
165 -0.0003333572 165
166 -0.0003860871 166
167 -0.000438681 167
168 -0.0004890131 168
169 -0.0005380507 169
170 -0.000586056 170
171 -0.0006324198 171
172 -0.0006785016 172
173 -0.0007230711 173
174 -0.0007679028 174
175 -0.0008116197 175
176 -0.000854519 176
177 -0.000895437 177
178 -0.0009354132 178
179 -0.0009735758 179
180 -0.001010643 180
181 -0.001047294 181
182 -0.001081669 182
183 -0.001113594 183
184 -0.001143364 184
185 -0.001170782 185
186 -0.001196811 186
187 -0.001230076 187
188 -0.001265186 188
189 -0.001275221 189
190 -0.001290189 190
191 -0.001305837 191
192 -0.001320903 192
193 -0.001334919 193
194 -0.001346045 194
195 -0.00135476 195
196 -0.001359259 196
197 -0.001360935 197
198 -0.001360055 198
199 -0.001354526 199
200 -0.001347186 200
201 -0.001338019 201
202 -0.001325762 202
203 -0.001309888 203
204 -0.001315736 204
205 -0.001291979 205
206 -0.001253983 206
207 -0.001217421 207
208 -0.001189151 208
209 -0.001143525 209
210 -0.001101078 210
211 -0.001068659 211
212 -0.001013147 212
213 -0.0009645291 213
214 -0.0009263877 214
215 -0.0008603746 215
216 -0.0008035655 216
217 -0.0007608231 217
218 -0.0006844337 218
219 -0.0006199426 219
220 -0.0005714665 220
221 -0.0004863536 221
222 -0.0004157299 222
223 -0.0003636272 223
224 -0.0002719118 224
225 -0.0001973893 225
226 -0.0001414468 226
227 -4.530713e-05 227
228 1.680229e-05 228
229 0.0001306613 229
230 0.0001888044 230
231 0.000273416 231
232 0.0003394245 232
233 0.0004285392 233
234 0.0005040491 234
235 0.0005676406 235
236 0.0006586331 236
237 0.0007351731 237
238 0.0007987631 238
239 0.0008881385 239
240 0.0009600417 240
241 0.001019341 241
242 0.001102387 242
243 0.001159337 243
244 0.001235973 244
245 0.001287183 245
246 0.001356577 246
247 0.001402525 247
248 0.001466309 248
249 0.001506181 249
250 0.001562644 250
251 0.001596963 251
252 0.001643901 252
253 0.001671245 253
254 0.001709505 254
255 0.001729324 255
256 0.001756598 256
257 0.001768914 257
258 0.001784492 258
259 0.001787738 259
260 0.001791021 260
261 0.001786588 261
262 0.001779617 262
263 0.001765438 263
264 0.001744945 264
265 0.001721583 265
266 0.001693013 266
267 0.001660697 267
268 0.001620754 268
269 0.001579105 269
270 0.001526981 270
271 0.001475959 271
272 0.001411893 272
273 0.001351937 273
274 0.001277173 274
275 0.001207941 275
276 0.001122215 276
277 0.001045383 277
278 0.0009480595 278
279 0.0008640613 279
280 0.0007566543 280
281 0.0006664641 281
282 0.0005539069 282
283 0.0004562579 283
284 0.0003332011 284
285 0.0002314604 285
286 0.0001005355 286
287 9.262098e-06 287
288 -0.0001454091 288
289 -0.0002373037 289
290 -0.0003949419 290
291 -0.0004881128 291
292 -0.0006490152 292
293 -0.0007415895 293
294 -0.000902279 294
295 -0.0009942827 295
296 -0.001152876 296
297 -0.00124337 297
298 -0.001399087 298
299 -0.001487603 299
300 -0.00164028 300
301 -0.001723371 301
302 -0.001871563 302
303 -0.001950186 303
304 -0.002091041 304
305 -0.002163804 305
306 -0.00226468 306
307 -0.002394561 307
308 -0.002454628 308
309 -0.002541684 309
310 -0.002654668 310
311 -0.002703559 311
312 -0.002773533 312
313 -0.002862337 313
314 -0.002898101 314
315 -0.002948656 315
316 -0.003013663 316
317 -0.003033418 317
318 -0.003062719 318
319 -0.003097184 319
320 -0.003101656 320
321 -0.003108184 321
322 -0.003111559 322
323 -0.003100008 323
324 -0.003083169 324
325 -0.003054157 325
326 -0.003025232 326
327 -0.002983593 327
328 -0.002920343 328
329 -0.00287502 329
330 -0.002809795 330
331 -0.002711534 331
332 -0.002649654 332
333 -0.00256054 333
334 -0.002428195 334
335 -0.002349639 335
336 -0.002237601 336
337 -0.002073254 337
338 -0.001980281 338
339 -0.00184674 339
340 -0.001694862 340
341 -0.001497326 341
342 -0.001388881 342
343 -0.001232878 343
344 -0.001056243 344
345 -0.0008743794 345
346 -0.0006456705 346
347 -0.0005225028 347
348 -0.0003450661 348
349 -0.0001459575 349
350 5.801175e-05 350
351 0.0002597673 351
352 0.0004598217 352
353 0.0006600961 353
354 0.0008597305 354
355 0.00106014 355
356 0.001261242 356
357 0.001461525 357
358 0.001661868 358
359 0.001860045 359
360 0.002118046 360
361 0.002248554 361
362 0.002428036 362
363 0.002622569 363
364 0.002861136 364
365 0.002982729 365
366 0.003146093 366
367 0.003370546 367
368 0.00347988 368
369 0.003625024 369
370 0.003826402 370
371 0.003918236 371
372 0.004032214 372
373 0.004202066 373
374 0.004277026 374
375 0.004372238 375
376 0.004503875 376
377 0.004556162 377
378 0.004644554 378
379 0.004681391 379
380 0.004742092 380
381 0.004764365 381
382 0.00479682 382
383 0.004801026 383
384 0.004799293 384
385 0.004785338 385
386 0.004749625 386
387 0.004717516 387
388 0.004647045 388
389 0.004596101 389
390 0.004492378 390
391 0.004423545 391
392 0.004284819 392
393 0.004197596 393
394 0.004022961 394
395 0.003918234 395
396 0.003709458 396
397 0.003587816 397
398 0.003346684 398
399 0.003209666 399
400 0.002938379 400
401 0.002786571 401
402 0.002487071 402
403 0.002319809 403
404 0.001995679 404
405 0.001814057 405
406 0.001563289 406
407 0.001161139 407
408 0.0009702348 408
409 0.0007084798 409
410 0.000281829 410
411 8.312985e-05 411
412 -0.0001920481 412
413 -0.0006389965 413
414 -0.0008472769 414
415 -0.00113072 415
416 -0.001583353 416
417 -0.001800963 417
418 -0.00209025 418
419 -0.002538138 419
420 -0.002761884 420
421 -0.003156135 421
422 -0.003380739 422
423 -0.003772252 423
424 -0.003990577 424
425 -0.004373379 425
426 -0.004585907 426
427 -0.004953521 427
428 -0.005150565 428
429 -0.005490852 429
430 -0.005746004 430
431 -0.005908063 431
432 -0.00618981 432
433 -0.006414524 433
434 -0.006607627 434
435 -0.006786939 435
436 -0.006953536 436
437 -0.007107231 437
438 -0.007246792 438
439 -0.007370619 439
440 -0.007476457 440
441 -0.007564059 441
442 -0.007633656 442
443 -0.0076828 443
444 -0.007712665 444
445 -0.007722927 445
446 -0.007712519 446
447 -0.007681156 447
448 -0.007627731 448
449 -0.007553018 449
450 -0.007456048 450
451 -0.007334097 451
452 -0.007190534 452
453 -0.007026158 453
454 -0.006842539 454
455 -0.006639143 455
456 -0.006471422 456
457 -0.006161863 457
458 -0.005956572 458
459 -0.00559464 459
460 -0.005366811 460
461 -0.004961395 461
462 -0.004707434 462
463 -0.004255305 463
464 -0.003971869 464
465 -0.003477684 465
466 -0.003167472 466
467 -0.002638684 467
468 -0.002307218 468
469 -0.001745568 469
470 -0.001395659 470
471 -0.0007993492 471
472 -0.0004311589 472
473 0.0001909925 473
474 0.0005700737 474
475 0.001205625 475
476 0.001594858 476
477 0.002235976 477
478 0.002632999 478
479 0.003274344 479
480 0.003672993 480
481 0.004307564 481
482 0.004703325 482
483 0.005323431 483
484 0.005821031 484
485 0.006285722 485
486 0.006722158 486
487 0.007176818 487
488 0.007632702 488
489 0.008076671 489
490 0.00848089 490
491 0.008892049 491
492 0.009291936 492
493 0.009670707 493
494 0.0100279 494
495 0.01036096 495
496 0.0106715 496
497 0.01095963 497
498 0.01122146 498
499 0.01145835 499
500 0.01166915 500
501 0.01185424 501
502 0.01201247 502
503 0.01213996 503
504 0.01223578 504
505 0.01229993 505
506 0.01232949 506
507 0.01232649 507
508 0.01229035 508
509 0.01222191 509
510 0.01211953 510
511 0.01198459 511
512 0.01181568 512
513 0.01161181 513
514 0.01137164 514
515 0.01109655 515
516 0.01078603 516
517 0.01044614 517
518 0.01006678 518
519 0.009653134 519
520 0.009206893 520
521 0.008733501 521
522 0.008228894 522
523 0.007692635 523
524 0.007127507 524
525 0.006530815 525
526 0.005905563 526
527 0.005253077 527
528 0.004574387 528
529 0.003870273 529
530 0.003141536 530
531 0.002391851 531
532 0.001624141 532
533 0.0008398273 533
534 3.999061e-05 534
535 -0.0007698167 535
536 -0.001589544 536
537 -0.002416477 537
538 -0.003247932 538
539 -0.004079313 539
540 -0.004914518 540
541 -0.005750962 541
542 -0.006587231 542
543 -0.007420438 543
544 -0.008263789 544
545 -0.009075702 545
546 -0.009876009 546
547 -0.01066419 547
548 -0.01143972 548
549 -0.01219747 549
550 -0.01293497 550
551 -0.01365097 551
552 -0.01434139 552
553 -0.01500503 553
554 -0.01563023 554
555 -0.01623289 555
556 -0.01680381 556
557 -0.01733812 557
558 -0.01783262 558
559 -0.01828426 559
560 -0.01870828 560
561 -0.019076 561
562 -0.01939241 562
563 -0.01966019 563
564 -0.01987879 564
565 -0.02004831 565
566 -0.02016036 566
567 -0.02022783 567
568 -0.02024604 568
569 -0.02021309 569
570 -0.02012567 570
571 -0.01998405 571
572 -0.01978721 572
573 -0.01953259 573
574 -0.01922116 574
575 -0.018854 575
576 -0.0184288 576
577 -0.01794881 577
578 -0.01741321 578
579 -0.0168217 579
580 -0.01617418 580
581 -0.01546987 581
582 -0.01471427 582
583 -0.01390908 583
584 -0.01306927 584
585 -0.0121795 585
586 -0.01122969 586
587 -0.01022945 587
588 -0.009182398 588
589 -0.00809665 589
590 -0.006953828 590
591 -0.005786742 591
592 -0.004585549 592
593 -0.003354792 593
594 -0.002100111 594
595 -0.0008264106 595
596 0.000463999 596
597 0.001775149 597
598 0.003033198 598
599 0.004380693 599
600 0.005760367 600
601 0.007142964 601
602 0.008508687 602
603 0.009862352 603
604 0.01120231 604
605 0.01253261 605
606 0.01385088 606
607 0.01515418 607
608 0.01643723 608
609 0.01768739 609
610 0.01890635 610
611 0.02008925 611
612 0.02123247 612
613 0.02233022 613
614 0.02338382 614
615 0.02439199 615
616 0.02536451 616
617 0.02627705 617
618 0.02717882 618
619 0.02798382 619
620 0.02866576 620
621 0.02932855 621
622 0.02993735 622
623 0.03047905 623
624 0.03094596 624
625 0.03133428 625
626 0.03164516 626
627 0.03187685 627
628 0.0320281 628
629 0.03208862 629
630 0.03205882 630
631 0.03193921 631
632 0.03171383 632
633 0.03140148 633
634 0.03099445 634
635 0.0305308 635
636 0.02991208 636
637 0.02919515 637
638 0.02838142 638
639 0.02748466 639
640 0.02651183 640
641 0.02545674 641
642 0.02427035 642
643 0.0230269 643
644 0.02172217 644
645 0.02035677 645
646 0.0189178 646
647 0.01739243 647
648 0.01578023 648
649 0.01406852 649
650 0.01231608 650
651 0.01054121 651
652 0.008651596 652
653 0.006725403 653
654 0.00473959 654
655 0.002674877 655
656 0.0006170099 656
657 -0.001467917 657
658 -0.003575934 658
659 -0.005642374 659
660 -0.007776248 660
661 -0.009928648 661
662 -0.01208437 662
663 -0.01418903 663
664 -0.01632321 664
665 -0.01846246 665
666 -0.02058629 666
667 -0.02268287 667
668 -0.02474148 668
669 -0.02675526 669
670 -0.02872146 670
671 -0.03063863 671
672 -0.03249939 672
673 -0.03429234 673
674 -0.03601333 674
675 -0.03764385 675
676 -0.03921556 676
677 -0.04071781 677
678 -0.04212357 678
679 -0.04345186 679
680 -0.04468171 680
681 -0.04587106 681
682 -0.04690216 682
683 -0.04779255 683
684 -0.04855102 684
685 -0.04913774 685
686 -0.04960187 686
687 -0.04994182 687
688 -0.05015352 688
689 -0.05001341 689
690 -0.04981265 690
691 -0.04960171 691
692 -0.04926927 692
693 -0.04804828 693
694 -0.04732601 694
695 -0.04556381 695
696 -0.04457093 696
697 -0.04344093 697
698 -0.04069292 698
699 -0.0392467 699
700 -0.0361941 700
701 -0.03455345 701
702 -0.0308945 702
703 -0.02896296 703
704 -0.02474847 704
705 -0.02260307 705
706 -0.01658359 706
707 -0.01519391 707
708 -0.01241018 708
709 -0.005511387 709
710 -0.003972312 710
711 -0.0008606418 711
712 0.006414572 712
713 0.00838889 713
714 0.01104024 714
715 0.01847894 715
716 0.02047927 716
717 0.02722176 717
718 0.02919665 718
719 0.03576576 719
720 0.03766131 720
721 0.04369912 721
722 0.04550028 722
723 0.05098221 723
724 0.05264145 724
725 0.05757127 725
726 0.05902726 726
727 0.06324787 727
728 0.0644599 728
729 0.06769022 729
730 0.06861003 730
731 0.07091263 731
732 0.07153975 732
733 0.07275585 733
734 0.07305262 734
735 0.07341594 735
736 0.07341117 736
737 0.07247634 737
738 0.07071266 738
739 0.07018156 739
740 0.06724554 740
741 0.06388321 741
742 0.06285142 742
743 0.0571727 743
744 0.05596628 744
745 0.05044851 745
746 0.04472174 746
747 0.03871623 747
748 0.03658485 748
749 0.02747489 749
750 0.02553423 750
751 0.01601531 751
752 0.01384222 752
753 0.003568494 753
754 0.00130709 754
755 -0.009066884 755
756 -0.01149429 756
757 -0.02196184 757
758 -0.02440155 758
759 -0.03461568 759
760 -0.03701587 760
761 -0.04671571 761
762 -0.04899878 762
763 -0.05820913 763
764 -0.06037643 764
765 -0.0686919 765
766 -0.07066768 766
767 -0.07796577 767
768 -0.07955796 768
769 -0.08537136 769
770 -0.08669454 770
771 -0.09120099 771
772 -0.09312573 772
773 -0.09504723 773
774 -0.0962324 774
775 -0.09679189 775
776 -0.09663425 776
777 -0.09556279 777
778 -0.09284372 778
779 -0.09064563 779
780 -0.08619298 780
781 -0.08248682 781
782 -0.07607805 782
783 -0.07094027 783
784 -0.06285403 784
785 -0.05648486 785
786 -0.04698121 786
787 -0.03969833 787
788 -0.02915282 788
789 -0.02116727 789
790 -0.009873195 790
791 -0.001318772 791
792 0.01032171 792
793 0.02049579 793
794 0.02974514 794
795 0.04081928 795
796 0.04913948 796
797 0.05982418 797
798 0.06757573 798
799 0.07716177 799
800 0.08409987 800
801 0.09221855 801
802 0.09780924 802
803 0.1040911 803
804 0.1083571 804
805 0.1124134 805
806 0.1150997 806
807 0.1172269 807
808 0.1179595 808
809 0.1180075 809
810 0.1163788 810
811 0.1146427 811
812 0.1103412 812
813 0.1055126 813
814 0.1011265 814
815 0.09337305 815
816 0.08563399 816
817 0.07692815 817
818 0.06938396 818
819 0.05790145 819
820 0.04731859 820
821 0.03825954 821
822 0.02501328 822
823 0.01289742 823
824 0.0007334526 824
825 -0.01169832 825
826 -0.02423001 826
827 -0.03652376 827
828 -0.04862555 828
829 -0.0602665 829
830 -0.07117379 830
831 -0.08233031 831
832 -0.09175629 832
833 -0.09989167 833
834 -0.1085584 834
835 -0.1158449 835
836 -0.121832 836
837 -0.1264969 837
838 -0.1306951 838
839 -0.1331351 839
840 -0.1346309 840
841 -0.1345753 841
842 -0.1333769 842
843 -0.1309238 843
844 -0.1271904 844
845 -0.1221992 845
846 -0.1174512 846
847 -0.1089695 847
848 -0.1003063 848
849 -0.09068344 849
850 -0.08025849 850
851 -0.0711818 851
852 -0.05756346 852
853 -0.04720646 853
854 -0.03249098 854
855 -0.01899729 855
856 -0.005106472 856
857 0.008784174 857
858 0.02245464 858
859 0.03645969 859
860 0.0501319 860
861 0.06332864 861
862 0.0758746 862
863 0.08768899 863
864 0.09725161 864
865 0.1085343 865
866 0.1164613 866
867 0.1254581 867
868 0.1312666 868
869 0.1378739 869
870 0.1421744 870
871 0.1456276 871
872 0.1474596 872
873 0.1476255 873
874 0.1466704 874
875 0.1452101 875
876 0.1407126 876
877 0.1369961 877
878 0.129399 878
879 0.1215026 879
880 0.1122722 880
881 0.1020901 881
882 0.09110425 882
883 0.07874299 883
884 0.06836178 884
885 0.05295505 885
886 0.03879004 886
887 0.02406549 887
888 0.01177611 888
889 -0.005170799 889
890 -0.02026765 890
891 -0.03282068 891
892 -0.0494196 892
893 -0.06380709 893
894 -0.07699537 894
895 -0.09060494 895
896 -0.101331 896
897 -0.1133929 897
898 -0.1218094 898
899 -0.132612 899
900 -0.1393381 900
901 -0.1462763 901
902 -0.1509456 902
903 -0.1552452 903
904 -0.1567414 904
905 -0.1579779 905
906 -0.1570998 906
907 -0.1546429 907
908 -0.1507369 908
909 -0.145324 909
910 -0.1384219 910
911 -0.132045 911
912 -0.1211598 912
913 -0.1103275 913
914 -0.09844834 914
915 -0.08567698 915
916 -0.07464528 916
917 -0.05815772 917
918 -0.04574858 918
919 -0.02835401 919
920 -0.01543608 920
921 0.002090146 921
922 0.018704 922
923 0.03384187 923
924 0.0502098 924
925 0.06618755 925
926 0.07819767 926
927 0.0933861 927
928 0.1043707 928
929 0.1175334 929
930 0.126858 930
931 0.1373307 931
932 0.1447305 932
933 0.1526442 933
934 0.1576963 934
935 0.1620776 935
936 0.1645977 936
937 0.1653456 937
938 0.1652257 938
939 0.1624665 939
940 0.159792 940
941 0.1535613 941
942 0.1483633 942
943 0.1385759 943
944 0.1287648 944
945 0.1201768 945
946 0.1062594 946
947 0.09297785 947
948 0.08162701 948
949 0.06469793 949
950 0.05209418 950
951 0.03385393 951
952 0.01734241 952
953 0.003502355 953
954 -0.01458319 954
955 -0.0326422 955
956 -0.04587892 956
957 -0.06305285 957
958 -0.07908633 958
959 -0.09372666 959
960 -0.1059324 960
961 -0.1193928 961
962 -0.1308479 962
963 -0.1397172 963
964 -0.1497512 964
965 -0.15643 965
966 -0.1629241 966
967 -0.1669348 967
968 -0.1698532 968
969 -0.1712417 969
970 -0.1710003 970
971 -0.168032 971
972 -0.1660963 972
973 -0.1588521 973
974 -0.1527144 974
975 -0.1452016 975
976 -0.1341854 976
977 -0.1253793 977
978 -0.1118652 978
979 -0.09698743 979
980 -0.08583786 980
981 -0.06851717 981
982 -0.05526914 982
983 -0.03648896 983
984 -0.02263674 984
985 -0.003836597 985
986 0.01336585 986
987 0.03111727 987
988 0.04825962 988
989 0.06541681 989
990 0.07828362 990
991 0.09515972 991
992 0.1070402 992
993 0.1213843 993
994 0.131488 994
995 0.1429691 995
996 0.1512356 996
997 0.1601218 997
998 0.1657942 998
999 0.170688 999
1000 0.1738556 1000
